<?xml version="1.0" encoding="UTF-8"?>
<!-- Generated by org.testng.reporters.JUnitXMLReporter -->
<testsuite hostname="ind496" name="LoginTest" tests="1" failures="0" timestamp="20 Feb 2018 12:09:52 GMT" time="0.066" errors="0">
  <testcase name="@BeforeTest skipException" time="0.0" classname="dd_tests.LoginTest">
    <skipped/>
  </testcase> <!-- @BeforeTest skipException -->
  <testcase name="doLogin" time="0.002" classname="dd_tests.LoginTest">
    <skipped/>
  </testcase> <!-- doLogin -->
</testsuite> <!-- LoginTest -->
